;  LST file generated by mikroListExporter - v.2.0 
; Date/Time: 1/23/2023 5:11:20 PM
;----------------------------------------------

;Address Opcode 	ASM
0x0000	0x2B15      	GOTO       789
_interrupt:
0x0004	0x00FF      	MOVWF      R15
0x0005	0x0E03      	SWAPF      STATUS, 0
0x0006	0x0183      	CLRF       STATUS
0x0007	0x00B8      	MOVWF      ___saveSTATUS
0x0008	0x080A      	MOVF       PCLATH, 0
0x0009	0x00B7      	MOVWF      ___savePCLATH
0x000A	0x018A      	CLRF       PCLATH
0x000B	0x0870      	MOVF       R0, 0
0x000C	0x00A5      	MOVWF      37
0x000D	0x0871      	MOVF       R1, 0
0x000E	0x00A4      	MOVWF      36
0x000F	0x0872      	MOVF       R2, 0
0x0010	0x00A3      	MOVWF      35
0x0011	0x0873      	MOVF       R3, 0
0x0012	0x00A2      	MOVWF      34
0x0013	0x0874      	MOVF       R4, 0
0x0014	0x00A1      	MOVWF      33
;FinalCode.c,14 :: 		void interrupt(void){
;FinalCode.c,15 :: 		if(INTCON&0X02){
0x0015	0x1C8B      	BTFSS      INTCON, 1
0x0016	0x281E      	GOTO       L_interrupt0
;FinalCode.c,16 :: 		angle=900;
0x0017	0x3084      	MOVLW      132
0x0018	0x00B1      	MOVWF      _angle
0x0019	0x3003      	MOVLW      3
0x001A	0x00B2      	MOVWF      _angle+1
;FinalCode.c,18 :: 		INTCON=INTCON&0xFD;
0x001B	0x30FD      	MOVLW      253
0x001C	0x058B      	ANDWF      INTCON, 1
;FinalCode.c,20 :: 		INTCON=INTCON|0x01;
0x001D	0x140B      	BSF        INTCON, 0
;FinalCode.c,22 :: 		}
L_interrupt0:
;FinalCode.c,23 :: 		if(INTCON&0x04){// will get here every 1ms
0x001E	0x1D0B      	BTFSS      INTCON, 2
0x001F	0x2834      	GOTO       L_interrupt1
;FinalCode.c,24 :: 		TMR0=248;
0x0020	0x30F8      	MOVLW      248
0x0021	0x0081      	MOVWF      TMR0
;FinalCode.c,25 :: 		Mcntr++;
0x0022	0x0AA6      	INCF       _Mcntr, 1
0x0023	0x1903      	BTFSC      STATUS, 2
0x0024	0x0AA7      	INCF       _Mcntr+1, 1
;FinalCode.c,26 :: 		Dcntr++;
0x0025	0x0AAF      	INCF       _Dcntr, 1
0x0026	0x1903      	BTFSC      STATUS, 2
0x0027	0x0AB0      	INCF       _Dcntr+1, 1
;FinalCode.c,27 :: 		if(Dcntr==500){//after 500 ms
0x0028	0x0830      	MOVF       _Dcntr+1, 0
0x0029	0x3A01      	XORLW      1
0x002A	0x1D03      	BTFSS      STATUS, 2
0x002B	0x282E      	GOTO       L__interrupt25
0x002C	0x30F4      	MOVLW      244
0x002D	0x062F      	XORWF      _Dcntr, 0
L__interrupt25:
0x002E	0x1D03      	BTFSS      STATUS, 2
0x002F	0x2832      	GOTO       L_interrupt2
;FinalCode.c,28 :: 		Dcntr=0;
0x0030	0x01AF      	CLRF       _Dcntr
0x0031	0x01B0      	CLRF       _Dcntr+1
;FinalCode.c,30 :: 		}
L_interrupt2:
;FinalCode.c,31 :: 		INTCON = INTCON & 0xFB; //clear T0IF
0x0032	0x30FB      	MOVLW      251
0x0033	0x058B      	ANDWF      INTCON, 1
;FinalCode.c,32 :: 		}
L_interrupt1:
;FinalCode.c,36 :: 		if(PIR1&0x04){//CCP1 interrupt
0x0034	0x1D0C      	BTFSS      PIR1, 2
0x0035	0x285D      	GOTO       L_interrupt3
;FinalCode.c,37 :: 		if(HL){ //high
0x0036	0x082E      	MOVF       _HL, 0
0x0037	0x1903      	BTFSC      STATUS, 2
0x0038	0x2846      	GOTO       L_interrupt4
;FinalCode.c,38 :: 		CCPR1H= angle >>8;
0x0039	0x0832      	MOVF       _angle+1, 0
0x003A	0x00F0      	MOVWF      R0
0x003B	0x01F1      	CLRF       R0+1
0x003C	0x0870      	MOVF       R0, 0
0x003D	0x0096      	MOVWF      CCPR1H
;FinalCode.c,40 :: 		CCPR1L= angle;
0x003E	0x0831      	MOVF       _angle, 0
0x003F	0x0095      	MOVWF      CCPR1L
;FinalCode.c,42 :: 		HL=0;//next time low
0x0040	0x01AE      	CLRF       _HL
;FinalCode.c,43 :: 		CCP1CON=0x09;//next time Falling edge
0x0041	0x3009      	MOVLW      9
0x0042	0x0097      	MOVWF      CCP1CON
;FinalCode.c,44 :: 		TMR1H=0;
0x0043	0x018F      	CLRF       TMR1H
;FinalCode.c,45 :: 		TMR1L=0;
0x0044	0x018E      	CLRF       TMR1L
;FinalCode.c,46 :: 		}
0x0045	0x285B      	GOTO       L_interrupt5
L_interrupt4:
;FinalCode.c,48 :: 		CCPR1H= (40000 - angle) >>8;
0x0046	0x0831      	MOVF       _angle, 0
0x0047	0x3C40      	SUBLW      64
0x0048	0x00F3      	MOVWF      R3
0x0049	0x0832      	MOVF       _angle+1, 0
0x004A	0x1C03      	BTFSS      STATUS, 0
0x004B	0x3E01      	ADDLW      1
0x004C	0x3C9C      	SUBLW      156
0x004D	0x00F4      	MOVWF      R3+1
0x004E	0x0874      	MOVF       R3+1, 0
0x004F	0x00F0      	MOVWF      R0
0x0050	0x01F1      	CLRF       R0+1
0x0051	0x0870      	MOVF       R0, 0
0x0052	0x0096      	MOVWF      CCPR1H
;FinalCode.c,50 :: 		CCPR1L= (40000 - angle);
0x0053	0x0873      	MOVF       R3, 0
0x0054	0x0095      	MOVWF      CCPR1L
;FinalCode.c,51 :: 		CCP1CON=0x08; //next time rising edge
0x0055	0x3008      	MOVLW      8
0x0056	0x0097      	MOVWF      CCP1CON
;FinalCode.c,52 :: 		HL=1; //next time High
0x0057	0x3001      	MOVLW      1
0x0058	0x00AE      	MOVWF      _HL
;FinalCode.c,53 :: 		TMR1H=0;
0x0059	0x018F      	CLRF       TMR1H
;FinalCode.c,54 :: 		TMR1L=0;
0x005A	0x018E      	CLRF       TMR1L
;FinalCode.c,56 :: 		}
L_interrupt5:
;FinalCode.c,57 :: 		PIR1=PIR1&0xFB;
0x005B	0x30FB      	MOVLW      251
0x005C	0x058C      	ANDWF      PIR1, 1
;FinalCode.c,58 :: 		}
L_interrupt3:
;FinalCode.c,59 :: 		if(PIR1&0x01){//TMR1 ovwerflow
0x005D	0x1C0C      	BTFSS      PIR1, 0
0x005E	0x2861      	GOTO       L_interrupt6
;FinalCode.c,62 :: 		PIR1=PIR1&0xFE;
0x005F	0x30FE      	MOVLW      254
0x0060	0x058C      	ANDWF      PIR1, 1
;FinalCode.c,63 :: 		}
L_interrupt6:
;FinalCode.c,65 :: 		if (INTCON&0x01){
0x0061	0x1C0B      	BTFSS      INTCON, 0
0x0062	0x289E      	GOTO       L_interrupt7
;FinalCode.c,68 :: 		if (PORTB==0xE0){
0x0063	0x0806      	MOVF       PORTB, 0
0x0064	0x3AE0      	XORLW      224
0x0065	0x1D03      	BTFSS      STATUS, 2
0x0066	0x2878      	GOTO       L_interrupt8
;FinalCode.c,69 :: 		PORTC = PORTC & 0xEE;
0x0067	0x30EE      	MOVLW      238
0x0068	0x0587      	ANDWF      PORTC, 1
;FinalCode.c,70 :: 		if(xs==0){
0x0069	0x3000      	MOVLW      0
0x006A	0x0629      	XORWF      _xs+1, 0
0x006B	0x1D03      	BTFSS      STATUS, 2
0x006C	0x286F      	GOTO       L__interrupt26
0x006D	0x3000      	MOVLW      0
0x006E	0x0628      	XORWF      _xs, 0
L__interrupt26:
0x006F	0x1D03      	BTFSS      STATUS, 2
0x0070	0x2878      	GOTO       L_interrupt9
;FinalCode.c,72 :: 		xs++;
0x0071	0x0AA8      	INCF       _xs, 1
0x0072	0x1903      	BTFSC      STATUS, 2
0x0073	0x0AA9      	INCF       _xs+1, 1
;FinalCode.c,73 :: 		angle=4800;
0x0074	0x30C0      	MOVLW      192
0x0075	0x00B1      	MOVWF      _angle
0x0076	0x3012      	MOVLW      18
0x0077	0x00B2      	MOVWF      _angle+1
;FinalCode.c,76 :: 		}
L_interrupt9:
;FinalCode.c,77 :: 		}
L_interrupt8:
;FinalCode.c,79 :: 		if(PORTB==0xD0){//buzzer alone
0x0078	0x0806      	MOVF       PORTB, 0
0x0079	0x3AD0      	XORLW      208
0x007A	0x1D03      	BTFSS      STATUS, 2
0x007B	0x288C      	GOTO       L_interrupt10
;FinalCode.c,80 :: 		PORTC=PORTC|0x10;
0x007C	0x1607      	BSF        PORTC, 4
;FinalCode.c,81 :: 		if(xs1==0){
0x007D	0x3000      	MOVLW      0
0x007E	0x062B      	XORWF      _xs1+1, 0
0x007F	0x1D03      	BTFSS      STATUS, 2
0x0080	0x2883      	GOTO       L__interrupt27
0x0081	0x3000      	MOVLW      0
0x0082	0x062A      	XORWF      _xs1, 0
L__interrupt27:
0x0083	0x1D03      	BTFSS      STATUS, 2
0x0084	0x288C      	GOTO       L_interrupt11
;FinalCode.c,82 :: 		angle=4800;
0x0085	0x30C0      	MOVLW      192
0x0086	0x00B1      	MOVWF      _angle
0x0087	0x3012      	MOVLW      18
0x0088	0x00B2      	MOVWF      _angle+1
;FinalCode.c,84 :: 		xs1++;
0x0089	0x0AAA      	INCF       _xs1, 1
0x008A	0x1903      	BTFSC      STATUS, 2
0x008B	0x0AAB      	INCF       _xs1+1, 1
;FinalCode.c,85 :: 		}
L_interrupt11:
;FinalCode.c,86 :: 		}
L_interrupt10:
;FinalCode.c,89 :: 		if(PORTB==0xC0){
0x008C	0x0806      	MOVF       PORTB, 0
0x008D	0x3AC0      	XORLW      192
0x008E	0x1D03      	BTFSS      STATUS, 2
0x008F	0x2892      	GOTO       L_interrupt12
;FinalCode.c,90 :: 		PORTC=0x10; //buzzer while flame
0x0090	0x3010      	MOVLW      16
0x0091	0x0087      	MOVWF      PORTC
;FinalCode.c,91 :: 		}
L_interrupt12:
;FinalCode.c,94 :: 		if(PORTB==0xF0){
0x0092	0x0806      	MOVF       PORTB, 0
0x0093	0x3AF0      	XORLW      240
0x0094	0x1D03      	BTFSS      STATUS, 2
0x0095	0x289E      	GOTO       L_interrupt13
;FinalCode.c,95 :: 		angle=4800;
0x0096	0x30C0      	MOVLW      192
0x0097	0x00B1      	MOVWF      _angle
0x0098	0x3012      	MOVLW      18
0x0099	0x00B2      	MOVWF      _angle+1
;FinalCode.c,97 :: 		PORTC=PORTC|0x11;
0x009A	0x3011      	MOVLW      17
0x009B	0x0487      	IORWF      PORTC, 1
;FinalCode.c,99 :: 		INTCON=INTCON&0xFE;
0x009C	0x30FE      	MOVLW      254
0x009D	0x058B      	ANDWF      INTCON, 1
;FinalCode.c,100 :: 		}
L_interrupt13:
;FinalCode.c,101 :: 		}
L_interrupt7:
;FinalCode.c,104 :: 		}
L_end_interrupt:
L__interrupt24:
0x009E	0x0825      	MOVF       37, 0
0x009F	0x00F0      	MOVWF      R0
0x00A0	0x0824      	MOVF       36, 0
0x00A1	0x00F1      	MOVWF      R1
0x00A2	0x0823      	MOVF       35, 0
0x00A3	0x00F2      	MOVWF      R2
0x00A4	0x0822      	MOVF       34, 0
0x00A5	0x00F3      	MOVWF      R3
0x00A6	0x0821      	MOVF       33, 0
0x00A7	0x00F4      	MOVWF      R4
0x00A8	0x0837      	MOVF       ___savePCLATH, 0
0x00A9	0x008A      	MOVWF      PCLATH
0x00AA	0x0E38      	SWAPF      ___saveSTATUS, 0
0x00AB	0x0083      	MOVWF      STATUS
0x00AC	0x0EFF      	SWAPF      R15, 1
0x00AD	0x0E7F      	SWAPF      R15, 0
0x00AE	0x0009      	RETFIE
; end of _interrupt
_RES032:
;__Lib_MathDouble.c,123 :: 		
;__Lib_MathDouble.c,128 :: 		
0x00AF	0x01F2      	CLRF       R2
;__Lib_MathDouble.c,129 :: 		
0x00B0	0x01F1      	CLRF       R1
;__Lib_MathDouble.c,130 :: 		
0x00B1	0x01F0      	CLRF       R0
;__Lib_MathDouble.c,131 :: 		
0x00B2	0x01F8      	CLRF       R8
;__Lib_MathDouble.c,132 :: 		
0x00B3	0x01F3      	CLRF       R3
;__Lib_MathDouble.c,133 :: 		
0x00B4	0x3000      	MOVLW      0
;__Lib_MathDouble.c,135 :: 		
L_end_RES032:
0x00B5	0x0008      	RETURN
; end of _RES032
_SETFUN32:
;__Lib_MathDouble.c,138 :: 		
;__Lib_MathDouble.c,145 :: 		
0x00B6	0x157B      	BSF        R11, 2
;__Lib_MathDouble.c,146 :: 		
0x00B7	0x1FFB      	BTFSS      R11, 7
;__Lib_MathDouble.c,147 :: 		
0x00B8	0x28C0      	GOTO       SETFUN32EEE
;__Lib_MathDouble.c,148 :: 		
0x00B9	0x3001      	MOVLW      1
;__Lib_MathDouble.c,149 :: 		
0x00BA	0x00F3      	MOVWF      R3
;__Lib_MathDouble.c,150 :: 		
0x00BB	0x01F2      	CLRF       R2
;__Lib_MathDouble.c,151 :: 		
0x00BC	0x01F1      	CLRF       R1
;__Lib_MathDouble.c,152 :: 		
0x00BD	0x01F0      	CLRF       R0
;__Lib_MathDouble.c,153 :: 		
0x00BE	0x0DFA      	RLF        R10, 1
;__Lib_MathDouble.c,154 :: 		
0x00BF	0x0CF2      	RRF        R2, 1
;__Lib_MathDouble.c,155 :: 		
SETFUN32EEE:
;__Lib_MathDouble.c,156 :: 		
0x00C0	0x30FF      	MOVLW      255
;__Lib_MathDouble.c,158 :: 		
L_end_SETFUN32:
0x00C1	0x0008      	RETURN
; end of _SETFUN32
_FIXSIGN32:
;__Lib_MathDouble.c,112 :: 		
;__Lib_MathDouble.c,116 :: 		
0x00C2	0x1FFA      	BTFSS      R10, 7
;__Lib_MathDouble.c,117 :: 		
0x00C3	0x13F2      	BCF        R2, 7
;__Lib_MathDouble.c,118 :: 		
0x00C4	0x3000      	MOVLW      0
;__Lib_MathDouble.c,120 :: 		
L_end_FIXSIGN32:
0x00C5	0x0008      	RETURN
; end of _FIXSIGN32
_SETFDZ32:
;__Lib_MathDouble.c,102 :: 		
;__Lib_MathDouble.c,105 :: 		
0x00C6	0x15FB      	BSF        R11, 3
;__Lib_MathDouble.c,106 :: 		
0x00C7	0x30FF      	MOVLW      255
;__Lib_MathDouble.c,108 :: 		
L_end_SETFDZ32:
0x00C8	0x0008      	RETURN
; end of _SETFDZ32
_NRM3232:
;__Lib_MathDouble.c,167 :: 		
;__Lib_MathDouble.c,173 :: 		
;__Lib_MathDouble.c,175 :: 		
0x00C9	0x01A0      	CLRF       __math_tempbD
;__Lib_MathDouble.c,176 :: 		
0x00CA	0x0872      	MOVF       R2, 0
;__Lib_MathDouble.c,177 :: 		
0x00CB	0x1D03      	BTFSS      STATUS, 2
;__Lib_MathDouble.c,178 :: 		
0x00CC	0x28DE      	GOTO       NORM3232
;__Lib_MathDouble.c,179 :: 		
0x00CD	0x0871      	MOVF       R1, 0
;__Lib_MathDouble.c,180 :: 		
0x00CE	0x00F2      	MOVWF      R2
;__Lib_MathDouble.c,181 :: 		
0x00CF	0x0870      	MOVF       R0, 0
;__Lib_MathDouble.c,182 :: 		
0x00D0	0x00F1      	MOVWF      R1
;__Lib_MathDouble.c,183 :: 		
0x00D1	0x01F0      	CLRF       R0
;__Lib_MathDouble.c,184 :: 		
0x00D2	0x15A0      	BSF        __math_tempbD, 3
;__Lib_MathDouble.c,186 :: 		
0x00D3	0x0872      	MOVF       R2, 0
;__Lib_MathDouble.c,187 :: 		
0x00D4	0x1D03      	BTFSS      STATUS, 2
;__Lib_MathDouble.c,188 :: 		
0x00D5	0x28DE      	GOTO       NORM3232
;__Lib_MathDouble.c,189 :: 		
0x00D6	0x0871      	MOVF       R1, 0
;__Lib_MathDouble.c,190 :: 		
0x00D7	0x00F2      	MOVWF      R2
;__Lib_MathDouble.c,191 :: 		
0x00D8	0x01F1      	CLRF       R1
;__Lib_MathDouble.c,192 :: 		
0x00D9	0x11A0      	BCF        __math_tempbD, 3
;__Lib_MathDouble.c,193 :: 		
0x00DA	0x1620      	BSF        __math_tempbD, 4
;__Lib_MathDouble.c,195 :: 		
0x00DB	0x0872      	MOVF       R2, 0
;__Lib_MathDouble.c,196 :: 		
0x00DC	0x1903      	BTFSC      STATUS, 2
;__Lib_MathDouble.c,197 :: 		
0x00DD	0x28EC      	GOTO       JPNRES032
;__Lib_MathDouble.c,198 :: 		
NORM3232:
;__Lib_MathDouble.c,199 :: 		
0x00DE	0x0820      	MOVF       __math_tempbD, 0
;__Lib_MathDouble.c,200 :: 		
0x00DF	0x02F3      	SUBWF      R3, 1
;__Lib_MathDouble.c,201 :: 		
0x00E0	0x1D03      	BTFSS      STATUS, 2
;__Lib_MathDouble.c,202 :: 		
0x00E1	0x1C03      	BTFSS      STATUS, 0
;__Lib_MathDouble.c,203 :: 		
0x00E2	0x28F0      	GOTO       JPNSETFUN32
;__Lib_MathDouble.c,204 :: 		
0x00E3	0x1003      	BCF        STATUS, 0
;__Lib_MathDouble.c,205 :: 		
NORM3232A:
;__Lib_MathDouble.c,206 :: 		
0x00E4	0x1BF2      	BTFSC      R2, 7
;__Lib_MathDouble.c,207 :: 		
0x00E5	0x28F4      	GOTO       JMPNFIXSIGN32
;__Lib_MathDouble.c,208 :: 		
0x00E6	0x0DF0      	RLF        R0, 1
;__Lib_MathDouble.c,209 :: 		
0x00E7	0x0DF1      	RLF        R1, 1
;__Lib_MathDouble.c,210 :: 		
0x00E8	0x0DF2      	RLF        R2, 1
;__Lib_MathDouble.c,211 :: 		
0x00E9	0x0BF3      	DECFSZ     R3, 1
;__Lib_MathDouble.c,212 :: 		
0x00EA	0x28E4      	GOTO       NORM3232A
;__Lib_MathDouble.c,213 :: 		
0x00EB	0x28F0      	GOTO       JPNSETFUN32
;__Lib_MathDouble.c,214 :: 		
JPNRES032:
;__Lib_MathDouble.c,215 :: 		
0x00EC	0x3001      	MOVLW      1
;__Lib_MathDouble.c,216 :: 		
0x00ED	0x00FC      	MOVWF      R12
;__Lib_MathDouble.c,218 :: 		
0x00EE	0x20AF      	CALL       _RES032
;__Lib_MathDouble.c,220 :: 		
0x00EF	0x28F7      	GOTO       NORM32EEE
;__Lib_MathDouble.c,221 :: 		
JPNSETFUN32:
;__Lib_MathDouble.c,222 :: 		
0x00F0	0x3002      	MOVLW      2
;__Lib_MathDouble.c,223 :: 		
0x00F1	0x00FC      	MOVWF      R12
;__Lib_MathDouble.c,225 :: 		
0x00F2	0x20B6      	CALL       _SETFUN32
;__Lib_MathDouble.c,227 :: 		
0x00F3	0x28F7      	GOTO       NORM32EEE
;__Lib_MathDouble.c,228 :: 		
JMPNFIXSIGN32:
;__Lib_MathDouble.c,229 :: 		
0x00F4	0x3004      	MOVLW      4
;__Lib_MathDouble.c,230 :: 		
0x00F5	0x00FC      	MOVWF      R12
;__Lib_MathDouble.c,232 :: 		
0x00F6	0x20C2      	CALL       _FIXSIGN32
;__Lib_MathDouble.c,234 :: 		
NORM32EEE:
;__Lib_MathDouble.c,236 :: 		
L_end_NRM3232:
0x00F7	0x0008      	RETURN
; end of _NRM3232
_SETFOV32:
;__Lib_MathDouble.c,79 :: 		
;__Lib_MathDouble.c,86 :: 		
0x00F8	0x14FB      	BSF        R11, 1
;__Lib_MathDouble.c,87 :: 		
0x00F9	0x1FFB      	BTFSS      R11, 7
;__Lib_MathDouble.c,88 :: 		
0x00FA	0x2902      	GOTO       SETFOV32EEE
;__Lib_MathDouble.c,89 :: 		
0x00FB	0x30FF      	MOVLW      255
;__Lib_MathDouble.c,90 :: 		
0x00FC	0x00F3      	MOVWF      R3
;__Lib_MathDouble.c,91 :: 		
0x00FD	0x00F2      	MOVWF      R2
;__Lib_MathDouble.c,92 :: 		
0x00FE	0x00F1      	MOVWF      R1
;__Lib_MathDouble.c,93 :: 		
0x00FF	0x00F0      	MOVWF      R0
;__Lib_MathDouble.c,94 :: 		
0x0100	0x0DFA      	RLF        R10, 1
;__Lib_MathDouble.c,95 :: 		
0x0101	0x0CF2      	RRF        R2, 1
;__Lib_MathDouble.c,96 :: 		
SETFOV32EEE:
;__Lib_MathDouble.c,97 :: 		
0x0102	0x30FF      	MOVLW      255
;__Lib_MathDouble.c,99 :: 		
L_end_SETFOV32:
0x0103	0x0008      	RETURN
; end of _SETFOV32
_SETIOV3224:
;__Lib_MathDouble.c,1000 :: 		
;__Lib_MathDouble.c,1006 :: 		
0x0104	0x147B      	BSF        R11, 0
;__Lib_MathDouble.c,1007 :: 		
0x0105	0x1FFB      	BTFSS      R11, 7
;__Lib_MathDouble.c,1008 :: 		
0x0106	0x290F      	GOTO       SETIOV3224EEE
;__Lib_MathDouble.c,1010 :: 		
0x0107	0x01F2      	CLRF       R2
;__Lib_MathDouble.c,1011 :: 		
0x0108	0x1FFA      	BTFSS      R10, 7
;__Lib_MathDouble.c,1012 :: 		
0x0109	0x30FF      	MOVLW      255
;__Lib_MathDouble.c,1013 :: 		
0x010A	0x00F2      	MOVWF      R2
;__Lib_MathDouble.c,1014 :: 		
0x010B	0x00F1      	MOVWF      R1
;__Lib_MathDouble.c,1015 :: 		
0x010C	0x00F0      	MOVWF      R0
;__Lib_MathDouble.c,1016 :: 		
0x010D	0x0DFA      	RLF        R10, 1
;__Lib_MathDouble.c,1017 :: 		
0x010E	0x0CF2      	RRF        R2, 1
;__Lib_MathDouble.c,1018 :: 		
SETIOV3224EEE:
;__Lib_MathDouble.c,1019 :: 		
0x010F	0x30FF      	MOVLW      255
;__Lib_MathDouble.c,1021 :: 		
L_end_SETIOV3224:
0x0110	0x0008      	RETURN
; end of _SETIOV3224
_Mul_32x32_FP:
;__Lib_MathDouble.c,610 :: 		
;__Lib_MathDouble.c,622 :: 		
;__Lib_MathDouble.c,624 :: 		
0x0111	0x1283      	BCF        STATUS, 5
;__Lib_MathDouble.c,625 :: 		
0x0112	0x1303      	BCF        STATUS, 6
;__Lib_MathDouble.c,627 :: 		
0x0113	0x01FB      	CLRF       R11
;__Lib_MathDouble.c,628 :: 		
0x0114	0x0873      	MOVF       R3, 0
;__Lib_MathDouble.c,629 :: 		
0x0115	0x1D03      	BTFSS      STATUS, 2
;__Lib_MathDouble.c,630 :: 		
0x0116	0x0877      	MOVF       R7, 0
;__Lib_MathDouble.c,631 :: 		
0x0117	0x1903      	BTFSC      STATUS, 2
;__Lib_MathDouble.c,632 :: 		
0x0118	0x2968      	GOTO       JPMRES032
;__Lib_MathDouble.c,634 :: 		
0x0119	0x0872      	MOVF       R2, 0
;__Lib_MathDouble.c,635 :: 		
0x011A	0x0676      	XORWF      R6, 0
;__Lib_MathDouble.c,636 :: 		
0x011B	0x00FA      	MOVWF      R10
;__Lib_MathDouble.c,637 :: 		
0x011C	0x0877      	MOVF       R7, 0
;__Lib_MathDouble.c,638 :: 		
0x011D	0x07F3      	ADDWF      R3, 1
;__Lib_MathDouble.c,639 :: 		
0x011E	0x307E      	MOVLW      126
;__Lib_MathDouble.c,640 :: 		
0x011F	0x1C03      	BTFSS      STATUS, 0
;__Lib_MathDouble.c,641 :: 		
0x0120	0x2925      	GOTO       MTUN32
;__Lib_MathDouble.c,642 :: 		
0x0121	0x02F3      	SUBWF      R3, 1
;__Lib_MathDouble.c,643 :: 		
0x0122	0x1803      	BTFSC      STATUS, 0
;__Lib_MathDouble.c,644 :: 		
0x0123	0x296B      	GOTO       JPMSETFOV32
;__Lib_MathDouble.c,645 :: 		
0x0124	0x2928      	GOTO       MOK32
;__Lib_MathDouble.c,646 :: 		
MTUN32:
;__Lib_MathDouble.c,647 :: 		
0x0125	0x02F3      	SUBWF      R3, 1
;__Lib_MathDouble.c,648 :: 		
0x0126	0x1C03      	BTFSS      STATUS, 0
;__Lib_MathDouble.c,649 :: 		
0x0127	0x296E      	GOTO       JPMSETFUN32
;__Lib_MathDouble.c,650 :: 		
MOK32:
;__Lib_MathDouble.c,651 :: 		
0x0128	0x0872      	MOVF       R2, 0
;__Lib_MathDouble.c,652 :: 		
0x0129	0x00F8      	MOVWF      R8
;__Lib_MathDouble.c,653 :: 		
0x012A	0x0871      	MOVF       R1, 0
;__Lib_MathDouble.c,654 :: 		
0x012B	0x00FC      	MOVWF      R12
;__Lib_MathDouble.c,655 :: 		
0x012C	0x0870      	MOVF       R0, 0
;__Lib_MathDouble.c,656 :: 		
0x012D	0x00FD      	MOVWF      R13
;__Lib_MathDouble.c,657 :: 		
0x012E	0x17F8      	BSF        R8, 7
;__Lib_MathDouble.c,658 :: 		
0x012F	0x17F6      	BSF        R6, 7
;__Lib_MathDouble.c,659 :: 		
0x0130	0x1003      	BCF        STATUS, 0
;__Lib_MathDouble.c,660 :: 		
0x0131	0x01F2      	CLRF       R2
;__Lib_MathDouble.c,661 :: 		
0x0132	0x01F1      	CLRF       R1
;__Lib_MathDouble.c,662 :: 		
0x0133	0x01F0      	CLRF       R0
;__Lib_MathDouble.c,663 :: 		
0x0134	0x3018      	MOVLW      24
;__Lib_MathDouble.c,664 :: 		
0x0135	0x00A0      	MOVWF      __math_tempbD
;__Lib_MathDouble.c,665 :: 		
MLOOP32:
;__Lib_MathDouble.c,666 :: 		
0x0136	0x1C7D      	BTFSS      R13, 0
;__Lib_MathDouble.c,667 :: 		
0x0137	0x2942      	GOTO       MNOADD32
;__Lib_MathDouble.c,669 :: 		
0x0138	0x0874      	MOVF       R4, 0
;__Lib_MathDouble.c,670 :: 		
0x0139	0x07F0      	ADDWF      R0, 1
;__Lib_MathDouble.c,671 :: 		
0x013A	0x0875      	MOVF       R5, 0
;__Lib_MathDouble.c,672 :: 		
0x013B	0x1803      	BTFSC      STATUS, 0
;__Lib_MathDouble.c,673 :: 		
0x013C	0x0F75      	INCFSZ     R5, 0
;__Lib_MathDouble.c,674 :: 		
0x013D	0x07F1      	ADDWF      R1, 1
;__Lib_MathDouble.c,675 :: 		
0x013E	0x0876      	MOVF       R6, 0
;__Lib_MathDouble.c,676 :: 		
0x013F	0x1803      	BTFSC      STATUS, 0
;__Lib_MathDouble.c,677 :: 		
0x0140	0x0F76      	INCFSZ     R6, 0
;__Lib_MathDouble.c,678 :: 		
0x0141	0x07F2      	ADDWF      R2, 1
;__Lib_MathDouble.c,679 :: 		
MNOADD32:
;__Lib_MathDouble.c,680 :: 		
0x0142	0x0CF2      	RRF        R2, 1
;__Lib_MathDouble.c,681 :: 		
0x0143	0x0CF1      	RRF        R1, 1
;__Lib_MathDouble.c,682 :: 		
0x0144	0x0CF0      	RRF        R0, 1
;__Lib_MathDouble.c,683 :: 		
0x0145	0x0CF8      	RRF        R8, 1
;__Lib_MathDouble.c,684 :: 		
0x0146	0x0CFC      	RRF        R12, 1
;__Lib_MathDouble.c,685 :: 		
0x0147	0x0CFD      	RRF        R13, 1
;__Lib_MathDouble.c,686 :: 		
0x0148	0x1003      	BCF        STATUS, 0
;__Lib_MathDouble.c,687 :: 		
0x0149	0x0BA0      	DECFSZ     __math_tempbD, 1
;__Lib_MathDouble.c,688 :: 		
0x014A	0x2936      	GOTO       MLOOP32
;__Lib_MathDouble.c,689 :: 		
0x014B	0x1BF2      	BTFSC      R2, 7
;__Lib_MathDouble.c,690 :: 		
0x014C	0x2952      	GOTO       MROUND32
;__Lib_MathDouble.c,691 :: 		
0x014D	0x0DF8      	RLF        R8, 1
;__Lib_MathDouble.c,692 :: 		
0x014E	0x0DF0      	RLF        R0, 1
;__Lib_MathDouble.c,693 :: 		
0x014F	0x0DF1      	RLF        R1, 1
;__Lib_MathDouble.c,694 :: 		
0x0150	0x0DF2      	RLF        R2, 1
;__Lib_MathDouble.c,695 :: 		
0x0151	0x03F3      	DECF       R3, 1
;__Lib_MathDouble.c,696 :: 		
MROUND32:
;__Lib_MathDouble.c,697 :: 		
0x0152	0x1B7B      	BTFSC      R11, 6
;__Lib_MathDouble.c,698 :: 		
0x0153	0x1C70      	BTFSS      R0, 0
;__Lib_MathDouble.c,699 :: 		
0x0154	0x2964      	GOTO       MUL32OK
;__Lib_MathDouble.c,700 :: 		
0x0155	0x1FF8      	BTFSS      R8, 7
;__Lib_MathDouble.c,701 :: 		
0x0156	0x2964      	GOTO       MUL32OK
;__Lib_MathDouble.c,702 :: 		
0x0157	0x0AF0      	INCF       R0, 1
;__Lib_MathDouble.c,703 :: 		
0x0158	0x1903      	BTFSC      STATUS, 2
;__Lib_MathDouble.c,704 :: 		
0x0159	0x0AF1      	INCF       R1, 1
;__Lib_MathDouble.c,705 :: 		
0x015A	0x1903      	BTFSC      STATUS, 2
;__Lib_MathDouble.c,706 :: 		
0x015B	0x0AF2      	INCF       R2, 1
;__Lib_MathDouble.c,707 :: 		
0x015C	0x1D03      	BTFSS      STATUS, 2
;__Lib_MathDouble.c,708 :: 		
0x015D	0x2964      	GOTO       MUL32OK
;__Lib_MathDouble.c,709 :: 		
0x015E	0x0CF2      	RRF        R2, 1
;__Lib_MathDouble.c,710 :: 		
0x015F	0x0CF1      	RRF        R1, 1
;__Lib_MathDouble.c,711 :: 		
0x0160	0x0CF0      	RRF        R0, 1
;__Lib_MathDouble.c,712 :: 		
0x0161	0x0AF3      	INCF       R3, 1
;__Lib_MathDouble.c,713 :: 		
0x0162	0x1903      	BTFSC      STATUS, 2
;__Lib_MathDouble.c,714 :: 		
0x0163	0x296B      	GOTO       JPMSETFOV32
;__Lib_MathDouble.c,715 :: 		
MUL32OK:
;__Lib_MathDouble.c,716 :: 		
0x0164	0x1FFA      	BTFSS      R10, 7
;__Lib_MathDouble.c,717 :: 		
0x0165	0x13F2      	BCF        R2, 7
;__Lib_MathDouble.c,718 :: 		
0x0166	0x3000      	MOVLW      0
;__Lib_MathDouble.c,720 :: 		
0x0167	0x2970      	GOTO       MUL32EEE
;__Lib_MathDouble.c,721 :: 		
JPMRES032:
;__Lib_MathDouble.c,722 :: 		
0x0168	0x3001      	MOVLW      1
;__Lib_MathDouble.c,725 :: 		
0x0169	0x20AF      	CALL       _RES032
;__Lib_MathDouble.c,727 :: 		
0x016A	0x2970      	GOTO       MUL32EEE
;__Lib_MathDouble.c,728 :: 		
JPMSETFOV32:
;__Lib_MathDouble.c,729 :: 		
0x016B	0x3002      	MOVLW      2
;__Lib_MathDouble.c,732 :: 		
0x016C	0x20F8      	CALL       _SETFOV32
;__Lib_MathDouble.c,734 :: 		
0x016D	0x2970      	GOTO       MUL32EEE
;__Lib_MathDouble.c,735 :: 		
JPMSETFUN32:
;__Lib_MathDouble.c,736 :: 		
0x016E	0x3004      	MOVLW      4
;__Lib_MathDouble.c,739 :: 		
0x016F	0x20B6      	CALL       _SETFUN32
;__Lib_MathDouble.c,741 :: 		
MUL32EEE:
;__Lib_MathDouble.c,742 :: 		
0x0170	0x0000      	NOP
;__Lib_MathDouble.c,749 :: 		
L_end_Mul_32x32_FP:
0x0171	0x0008      	RETURN
; end of _Mul_32x32_FP
_ATD_init:
;FinalCode.c,112 :: 		void ATD_init(void){
;FinalCode.c,113 :: 		ADCON0 = 0x41;// ATD ON, Don't GO, CHannel 0, Fosc/16
0x0172	0x3041      	MOVLW      65
0x0173	0x1283      	BCF        STATUS, 5
0x0174	0x1303      	BCF        STATUS, 6
0x0175	0x009F      	MOVWF      ADCON0
;FinalCode.c,114 :: 		ADCON1 = 0xC4;// RA0 analogue , 500 KHz, right justified
0x0176	0x30C4      	MOVLW      196
0x0177	0x1683      	BSF        STATUS, 5
0x0178	0x009F      	MOVWF      ADCON1
;FinalCode.c,115 :: 		TRISA =  0xFF; }
0x0179	0x30FF      	MOVLW      255
0x017A	0x0085      	MOVWF      TRISA
L_end_ATD_init:
0x017B	0x0008      	RETURN
; end of _ATD_init
_Compare_Double:
;__Lib_MathDouble.c,2053 :: 		
;__Lib_MathDouble.c,2062 :: 		
;__Lib_MathDouble.c,2064 :: 		
0x017C	0x1283      	BCF        STATUS, 5
;__Lib_MathDouble.c,2065 :: 		
0x017D	0x1303      	BCF        STATUS, 6
;__Lib_MathDouble.c,2067 :: 		
0x017E	0x01FA      	CLRF       R10
;__Lib_MathDouble.c,2068 :: 		
0x017F	0x0873      	MOVF       R3, 0
;__Lib_MathDouble.c,2069 :: 		
0x0180	0x1D03      	BTFSS      STATUS, 2
;__Lib_MathDouble.c,2070 :: 		
0x0181	0x147A      	BSF        R10, 0
;__Lib_MathDouble.c,2071 :: 		
0x0182	0x0877      	MOVF       R7, 0
;__Lib_MathDouble.c,2072 :: 		
0x0183	0x1D03      	BTFSS      STATUS, 2
;__Lib_MathDouble.c,2073 :: 		
0x0184	0x14FA      	BSF        R10, 1
;__Lib_MathDouble.c,2075 :: 		
0x0185	0x087A      	MOVF       R10, 0
;__Lib_MathDouble.c,2076 :: 		
0x0186	0x1903      	BTFSC      STATUS, 2
;__Lib_MathDouble.c,2077 :: 		
0x0187	0x29C8      	GOTO       COMPARE_EQU
;__Lib_MathDouble.c,2078 :: 		
0x0188	0x3A03      	XORLW      3
;__Lib_MathDouble.c,2079 :: 		
0x0189	0x1903      	BTFSC      STATUS, 2
;__Lib_MathDouble.c,2080 :: 		
0x018A	0x2993      	GOTO       COMPARE_NOTZERO
;__Lib_MathDouble.c,2082 :: 		
0x018B	0x187A      	BTFSC      R10, 0
;__Lib_MathDouble.c,2083 :: 		
0x018C	0x2990      	GOTO       COMPARE_XNOTZERO
;__Lib_MathDouble.c,2085 :: 		
0x018D	0x1FF6      	BTFSS      R6, 7
;__Lib_MathDouble.c,2086 :: 		
0x018E	0x29C6      	GOTO       COMPARE_LT
;__Lib_MathDouble.c,2087 :: 		
0x018F	0x29C4      	GOTO       COMPARE_GT
;__Lib_MathDouble.c,2088 :: 		
COMPARE_XNOTZERO:
;__Lib_MathDouble.c,2089 :: 		
0x0190	0x1FF2      	BTFSS      R2, 7
;__Lib_MathDouble.c,2090 :: 		
0x0191	0x29C4      	GOTO       COMPARE_GT
;__Lib_MathDouble.c,2091 :: 		
0x0192	0x29C6      	GOTO       COMPARE_LT
;__Lib_MathDouble.c,2093 :: 		
COMPARE_NOTZERO:
;__Lib_MathDouble.c,2094 :: 		
0x0193	0x0872      	MOVF       R2, 0
;__Lib_MathDouble.c,2095 :: 		
0x0194	0x3980      	ANDLW      128
;__Lib_MathDouble.c,2096 :: 		
0x0195	0x00FA      	MOVWF      R10
;__Lib_MathDouble.c,2097 :: 		
0x0196	0x13F2      	BCF        R2, 7
;__Lib_MathDouble.c,2099 :: 		
0x0197	0x0876      	MOVF       R6, 0
;__Lib_MathDouble.c,2100 :: 		
0x0198	0x3980      	ANDLW      128
;__Lib_MathDouble.c,2101 :: 		
0x0199	0x13F6      	BCF        R6, 7
;__Lib_MathDouble.c,2103 :: 		
0x019A	0x067A      	XORWF      R10, 0
;__Lib_MathDouble.c,2104 :: 		
0x019B	0x1903      	BTFSC      STATUS, 2
;__Lib_MathDouble.c,2105 :: 		
0x019C	0x29A1      	GOTO       COMPARE_TESTALL
;__Lib_MathDouble.c,2107 :: 		
0x019D	0x087A      	MOVF       R10, 0
;__Lib_MathDouble.c,2108 :: 		
0x019E	0x1903      	BTFSC      STATUS, 2
;__Lib_MathDouble.c,2109 :: 		
0x019F	0x29C4      	GOTO       COMPARE_GT
;__Lib_MathDouble.c,2110 :: 		
0x01A0	0x29C6      	GOTO       COMPARE_LT
;__Lib_MathDouble.c,2112 :: 		
COMPARE_TESTALL:
;__Lib_MathDouble.c,2113 :: 		
0x01A1	0x0877      	MOVF       R7, 0
;__Lib_MathDouble.c,2114 :: 		
0x01A2	0x0273      	SUBWF      R3, 0
;__Lib_MathDouble.c,2115 :: 		
0x01A3	0x1903      	BTFSC      STATUS, 2
;__Lib_MathDouble.c,2116 :: 		
0x01A4	0x29A8      	GOTO       COMPARE_C1
;__Lib_MathDouble.c,2117 :: 		
0x01A5	0x1C03      	BTFSS      STATUS, 0
;__Lib_MathDouble.c,2118 :: 		
0x01A6	0x29BC      	GOTO       GT_FALSE
;__Lib_MathDouble.c,2119 :: 		
0x01A7	0x29C0      	GOTO       GT_TRUE
;__Lib_MathDouble.c,2120 :: 		
COMPARE_C1:
;__Lib_MathDouble.c,2121 :: 		
0x01A8	0x0876      	MOVF       R6, 0
;__Lib_MathDouble.c,2122 :: 		
0x01A9	0x0272      	SUBWF      R2, 0
;__Lib_MathDouble.c,2123 :: 		
0x01AA	0x1903      	BTFSC      STATUS, 2
;__Lib_MathDouble.c,2124 :: 		
0x01AB	0x29AF      	GOTO       COMPARE_C2
;__Lib_MathDouble.c,2125 :: 		
0x01AC	0x1C03      	BTFSS      STATUS, 0
;__Lib_MathDouble.c,2126 :: 		
0x01AD	0x29BC      	GOTO       GT_FALSE
;__Lib_MathDouble.c,2127 :: 		
0x01AE	0x29C0      	GOTO       GT_TRUE
;__Lib_MathDouble.c,2128 :: 		
COMPARE_C2:
;__Lib_MathDouble.c,2129 :: 		
0x01AF	0x0875      	MOVF       R5, 0
;__Lib_MathDouble.c,2130 :: 		
0x01B0	0x0271      	SUBWF      R1, 0
;__Lib_MathDouble.c,2131 :: 		
0x01B1	0x1903      	BTFSC      STATUS, 2
;__Lib_MathDouble.c,2132 :: 		
0x01B2	0x29B6      	GOTO       COMPARE_C3
;__Lib_MathDouble.c,2133 :: 		
0x01B3	0x1C03      	BTFSS      STATUS, 0
;__Lib_MathDouble.c,2134 :: 		
0x01B4	0x29BC      	GOTO       GT_FALSE
;__Lib_MathDouble.c,2135 :: 		
0x01B5	0x29C0      	GOTO       GT_TRUE
;__Lib_MathDouble.c,2136 :: 		
COMPARE_C3:
;__Lib_MathDouble.c,2137 :: 		
0x01B6	0x0874      	MOVF       R4, 0
;__Lib_MathDouble.c,2138 :: 		
0x01B7	0x0270      	SUBWF      R0, 0
;__Lib_MathDouble.c,2139 :: 		
0x01B8	0x1903      	BTFSC      STATUS, 2
;__Lib_MathDouble.c,2140 :: 		
0x01B9	0x29C8      	GOTO       COMPARE_EQU
;__Lib_MathDouble.c,2141 :: 		
0x01BA	0x1803      	BTFSC      STATUS, 0
;__Lib_MathDouble.c,2142 :: 		
0x01BB	0x29C0      	GOTO       GT_TRUE
;__Lib_MathDouble.c,2144 :: 		
GT_FALSE:
;__Lib_MathDouble.c,2145 :: 		
0x01BC	0x08FA      	MOVF       R10, 1
;__Lib_MathDouble.c,2146 :: 		
0x01BD	0x1903      	BTFSC      STATUS, 2
;__Lib_MathDouble.c,2147 :: 		
0x01BE	0x29C6      	GOTO       COMPARE_LT
;__Lib_MathDouble.c,2148 :: 		
0x01BF	0x29C4      	GOTO       COMPARE_GT
;__Lib_MathDouble.c,2149 :: 		
GT_TRUE:
;__Lib_MathDouble.c,2150 :: 		
0x01C0	0x08FA      	MOVF       R10, 1
;__Lib_MathDouble.c,2151 :: 		
0x01C1	0x1903      	BTFSC      STATUS, 2
;__Lib_MathDouble.c,2152 :: 		
0x01C2	0x29C4      	GOTO       COMPARE_GT
;__Lib_MathDouble.c,2153 :: 		
0x01C3	0x29C6      	GOTO       COMPARE_LT
;__Lib_MathDouble.c,2155 :: 		
COMPARE_GT:
;__Lib_MathDouble.c,2158 :: 		
0x01C4	0x1403      	BSF        STATUS, 0
;__Lib_MathDouble.c,2159 :: 		
0x01C5	0x0008      	RETURN
;__Lib_MathDouble.c,2160 :: 		
COMPARE_LT:
;__Lib_MathDouble.c,2163 :: 		
0x01C6	0x1003      	BCF        STATUS, 0
;__Lib_MathDouble.c,2164 :: 		
0x01C7	0x0008      	RETURN
;__Lib_MathDouble.c,2165 :: 		
COMPARE_EQU:
;__Lib_MathDouble.c,2168 :: 		
0x01C8	0x1403      	BSF        STATUS, 0
;__Lib_MathDouble.c,2169 :: 		
0x01C9	0x1503      	BSF        STATUS, 2
;__Lib_MathDouble.c,2170 :: 		
0x01CA	0x0008      	RETURN
;__Lib_MathDouble.c,2172 :: 		
L_end_Compare_Double:
0x01CB	0x0008      	RETURN
; end of _Compare_Double
_double2word:
;__Lib_MathDouble.c,1529 :: 		
;__Lib_MathDouble.c,1536 :: 		
0x01CC	0x1283      	BCF        STATUS, 5
;__Lib_MathDouble.c,1537 :: 		
0x01CD	0x1303      	BCF        STATUS, 6
;__Lib_MathDouble.c,1539 :: 		
0x01CE	0x01FB      	CLRF       R11
;__Lib_MathDouble.c,1540 :: 		
0x01CF	0x01FC      	CLRF       R12
;__Lib_MathDouble.c,1541 :: 		
0x01D0	0x01FA      	CLRF       R10
;__Lib_MathDouble.c,1543 :: 		
0x01D1	0x0873      	MOVF       R3, 0
;__Lib_MathDouble.c,1544 :: 		
0x01D2	0x1903      	BTFSC      STATUS, 2
;__Lib_MathDouble.c,1545 :: 		
0x01D3	0x2A0B      	GOTO       IRES016U
;__Lib_MathDouble.c,1547 :: 		
0x01D4	0x17F2      	BSF        R2, 7
;__Lib_MathDouble.c,1549 :: 		
0x01D5	0x308E      	MOVLW      142
;__Lib_MathDouble.c,1550 :: 		
0x01D6	0x02F3      	SUBWF      R3, 1
;__Lib_MathDouble.c,1551 :: 		
0x01D7	0x1BF3      	BTFSC      R3, 7
;__Lib_MathDouble.c,1552 :: 		
0x01D8	0x29DC      	GOTO       SETEXP16U
;__Lib_MathDouble.c,1553 :: 		
0x01D9	0x1903      	BTFSC      STATUS, 2
;__Lib_MathDouble.c,1554 :: 		
0x01DA	0x29DC      	GOTO       SETEXP16U
;__Lib_MathDouble.c,1555 :: 		
0x01DB	0x2A0E      	GOTO       SETIOV16U
;__Lib_MathDouble.c,1556 :: 		
SETEXP16U:
;__Lib_MathDouble.c,1557 :: 		
0x01DC	0x09F3      	COMF       R3, 1
;__Lib_MathDouble.c,1558 :: 		
0x01DD	0x0AF3      	INCF       R3, 1
;__Lib_MathDouble.c,1560 :: 		
0x01DE	0x3008      	MOVLW      8
;__Lib_MathDouble.c,1561 :: 		
0x01DF	0x0273      	SUBWF      R3, 0
;__Lib_MathDouble.c,1562 :: 		
0x01E0	0x1C03      	BTFSS      STATUS, 0
;__Lib_MathDouble.c,1563 :: 		
0x01E1	0x29F1      	GOTO       TSHIFT3216U
;__Lib_MathDouble.c,1564 :: 		
0x01E2	0x00F3      	MOVWF      R3
;__Lib_MathDouble.c,1565 :: 		
0x01E3	0x0DF1      	RLF        R1, 1
;__Lib_MathDouble.c,1566 :: 		
0x01E4	0x0872      	MOVF       R2, 0
;__Lib_MathDouble.c,1567 :: 		
0x01E5	0x00F1      	MOVWF      R1
;__Lib_MathDouble.c,1568 :: 		
0x01E6	0x01F2      	CLRF       R2
;__Lib_MathDouble.c,1570 :: 		
0x01E7	0x3008      	MOVLW      8
;__Lib_MathDouble.c,1571 :: 		
0x01E8	0x0273      	SUBWF      R3, 0
;__Lib_MathDouble.c,1572 :: 		
0x01E9	0x1C03      	BTFSS      STATUS, 0
;__Lib_MathDouble.c,1573 :: 		
0x01EA	0x29F1      	GOTO       TSHIFT3216U
;__Lib_MathDouble.c,1574 :: 		
0x01EB	0x0DF1      	RLF        R1, 1
;__Lib_MathDouble.c,1575 :: 		
0x01EC	0x01F1      	CLRF       R1
;__Lib_MathDouble.c,1577 :: 		
0x01ED	0x0873      	MOVF       R3, 0
;__Lib_MathDouble.c,1578 :: 		
0x01EE	0x1D03      	BTFSS      STATUS, 2
;__Lib_MathDouble.c,1579 :: 		
0x01EF	0x1003      	BCF        STATUS, 0
;__Lib_MathDouble.c,1580 :: 		
0x01F0	0x29F9      	GOTO       SHIFT3216UOK
;__Lib_MathDouble.c,1581 :: 		
TSHIFT3216U:
;__Lib_MathDouble.c,1582 :: 		
0x01F1	0x0873      	MOVF       R3, 0
;__Lib_MathDouble.c,1583 :: 		
0x01F2	0x1903      	BTFSC      STATUS, 2
;__Lib_MathDouble.c,1584 :: 		
0x01F3	0x29F9      	GOTO       SHIFT3216UOK
;__Lib_MathDouble.c,1585 :: 		
SHIFT3216U:
;__Lib_MathDouble.c,1586 :: 		
0x01F4	0x1003      	BCF        STATUS, 0
;__Lib_MathDouble.c,1587 :: 		
0x01F5	0x0CF2      	RRF        R2, 1
;__Lib_MathDouble.c,1588 :: 		
0x01F6	0x0CF1      	RRF        R1, 1
;__Lib_MathDouble.c,1589 :: 		
0x01F7	0x0BF3      	DECFSZ     R3, 1
;__Lib_MathDouble.c,1590 :: 		
0x01F8	0x29F4      	GOTO       SHIFT3216U
;__Lib_MathDouble.c,1591 :: 		
SHIFT3216UOK:
;__Lib_MathDouble.c,1592 :: 		
0x01F9	0x1B7B      	BTFSC      R11, 6
;__Lib_MathDouble.c,1593 :: 		
0x01FA	0x1C71      	BTFSS      R1, 0
;__Lib_MathDouble.c,1594 :: 		
0x01FB	0x2A03      	GOTO       INT3216UOK
;__Lib_MathDouble.c,1595 :: 		
0x01FC	0x1C03      	BTFSS      STATUS, 0
;__Lib_MathDouble.c,1596 :: 		
0x01FD	0x2A03      	GOTO       INT3216UOK
;__Lib_MathDouble.c,1597 :: 		
0x01FE	0x0AF1      	INCF       R1, 1
;__Lib_MathDouble.c,1598 :: 		
0x01FF	0x1903      	BTFSC      STATUS, 2
;__Lib_MathDouble.c,1599 :: 		
0x0200	0x0AF2      	INCF       R2, 1
;__Lib_MathDouble.c,1600 :: 		
0x0201	0x1BF2      	BTFSC      R2, 7
;__Lib_MathDouble.c,1601 :: 		
0x0202	0x2A1A      	GOTO       JPKSETIOV3224
;__Lib_MathDouble.c,1602 :: 		
INT3216UOK:
;__Lib_MathDouble.c,1603 :: 		
0x0203	0x1FFA      	BTFSS      R10, 7
;__Lib_MathDouble.c,1604 :: 		
0x0204	0x2A1D      	GOTO       INT3216UEOK
;__Lib_MathDouble.c,1606 :: 		
0x0205	0x09F2      	COMF       R2, 1
;__Lib_MathDouble.c,1607 :: 		
0x0206	0x09F1      	COMF       R1, 1
;__Lib_MathDouble.c,1608 :: 		
0x0207	0x0AF1      	INCF       R1, 1
;__Lib_MathDouble.c,1609 :: 		
0x0208	0x1903      	BTFSC      STATUS, 2
;__Lib_MathDouble.c,1610 :: 		
0x0209	0x0AF2      	INCF       R2, 1
;__Lib_MathDouble.c,1611 :: 		
0x020A	0x2A1D      	GOTO       INT3216UEOK
;__Lib_MathDouble.c,1613 :: 		
IRES016U:
;__Lib_MathDouble.c,1614 :: 		
0x020B	0x01F2      	CLRF       R2
;__Lib_MathDouble.c,1615 :: 		
0x020C	0x01F1      	CLRF       R1
;__Lib_MathDouble.c,1616 :: 		
0x020D	0x2A1D      	GOTO       INT3216UEOK
;__Lib_MathDouble.c,1617 :: 		
SETIOV16U:
;__Lib_MathDouble.c,1618 :: 		
0x020E	0x147B      	BSF        R11, 0
;__Lib_MathDouble.c,1619 :: 		
0x020F	0x1FFB      	BTFSS      R11, 7
;__Lib_MathDouble.c,1620 :: 		
0x0210	0x2A20      	GOTO       INT3216UEER
;__Lib_MathDouble.c,1622 :: 		
0x0211	0x01F2      	CLRF       R2
;__Lib_MathDouble.c,1623 :: 		
0x0212	0x1FFA      	BTFSS      R10, 7
;__Lib_MathDouble.c,1624 :: 		
0x0213	0x2A20      	GOTO       INT3216UEER
;__Lib_MathDouble.c,1625 :: 		
0x0214	0x30FF      	MOVLW      255
;__Lib_MathDouble.c,1626 :: 		
0x0215	0x00F2      	MOVWF      R2
;__Lib_MathDouble.c,1627 :: 		
0x0216	0x00F1      	MOVWF      R1
;__Lib_MathDouble.c,1628 :: 		
0x0217	0x0DFA      	RLF        R10, 1
;__Lib_MathDouble.c,1629 :: 		
0x0218	0x0CF2      	RRF        R2, 1
;__Lib_MathDouble.c,1630 :: 		
0x0219	0x2A20      	GOTO       INT3216UEER
;__Lib_MathDouble.c,1632 :: 		
JPKSETIOV3224:
;__Lib_MathDouble.c,1633 :: 		
0x021A	0x3001      	MOVLW      1
;__Lib_MathDouble.c,1634 :: 		
0x021B	0x00FC      	MOVWF      R12
;__Lib_MathDouble.c,1635 :: 		
0x021C	0x2A22      	GOTO       INT3216UEEE
;__Lib_MathDouble.c,1636 :: 		
INT3216UEOK:
;__Lib_MathDouble.c,1637 :: 		
0x021D	0x3000      	MOVLW      0
;__Lib_MathDouble.c,1638 :: 		
0x021E	0x00FC      	MOVWF      R12
;__Lib_MathDouble.c,1639 :: 		
0x021F	0x2A22      	GOTO       INT3216UEEE
;__Lib_MathDouble.c,1640 :: 		
INT3216UEER:
;__Lib_MathDouble.c,1641 :: 		
0x0220	0x30FF      	MOVLW      255
;__Lib_MathDouble.c,1642 :: 		
0x0221	0x00FC      	MOVWF      R12
;__Lib_MathDouble.c,1643 :: 		
INT3216UEEE:
;__Lib_MathDouble.c,1646 :: 		
0x0222	0x08FC      	MOVF       R12, 1
;__Lib_MathDouble.c,1648 :: 		
0x0223	0x1903      	BTFSC      STATUS, 2
;__Lib_MathDouble.c,1649 :: 		
0x0224	0x2A26      	GOTO       L_Double2Word_0
;__Lib_MathDouble.c,1651 :: 		
0x0225	0x2104      	CALL       _SETIOV3224
;__Lib_MathDouble.c,1653 :: 		
L_Double2Word_0:
;__Lib_MathDouble.c,1654 :: 		
0x0226	0x0871      	MOVF       R1, 0
;__Lib_MathDouble.c,1655 :: 		
0x0227	0x00F0      	MOVWF      R0
;__Lib_MathDouble.c,1656 :: 		
0x0228	0x0872      	MOVF       R2, 0
;__Lib_MathDouble.c,1657 :: 		
0x0229	0x00F1      	MOVWF      R1
;__Lib_MathDouble.c,1660 :: 		
L_end_double2word:
0x022A	0x0008      	RETURN
; end of _double2word
_word2double:
;__Lib_MathDouble.c,1862 :: 		
;__Lib_MathDouble.c,1868 :: 		
0x022B	0x1283      	BCF        STATUS, 5
;__Lib_MathDouble.c,1869 :: 		
0x022C	0x1303      	BCF        STATUS, 6
;__Lib_MathDouble.c,1870 :: 		
0x022D	0x0870      	MOVF       R0, 0
;__Lib_MathDouble.c,1871 :: 		
0x022E	0x00F8      	MOVWF      R8
;__Lib_MathDouble.c,1872 :: 		
0x022F	0x0871      	MOVF       R1, 0
;__Lib_MathDouble.c,1873 :: 		
0x0230	0x00F0      	MOVWF      R0
;__Lib_MathDouble.c,1874 :: 		
0x0231	0x01F1      	CLRF       R1
;__Lib_MathDouble.c,1875 :: 		
0x0232	0x01F2      	CLRF       R2
;__Lib_MathDouble.c,1876 :: 		
0x0233	0x01F3      	CLRF       R3
;__Lib_MathDouble.c,1879 :: 		
0x0234	0x01FB      	CLRF       R11
;__Lib_MathDouble.c,1880 :: 		
0x0235	0x01FC      	CLRF       R12
;__Lib_MathDouble.c,1882 :: 		
0x0236	0x3096      	MOVLW      150
;__Lib_MathDouble.c,1883 :: 		
0x0237	0x00F3      	MOVWF      R3
;__Lib_MathDouble.c,1884 :: 		
0x0238	0x01FA      	CLRF       R10
;__Lib_MathDouble.c,1886 :: 		
0x0239	0x0870      	MOVF       R0, 0
;__Lib_MathDouble.c,1887 :: 		
0x023A	0x00F1      	MOVWF      R1
;__Lib_MathDouble.c,1888 :: 		
0x023B	0x0878      	MOVF       R8, 0
;__Lib_MathDouble.c,1889 :: 		
0x023C	0x00F0      	MOVWF      R0
;__Lib_MathDouble.c,1890 :: 		
0x023D	0x01F8      	CLRF       R8
;__Lib_MathDouble.c,1891 :: 		
0x023E	0x01F2      	CLRF       R2
;__Lib_MathDouble.c,1893 :: 		
0x023F	0x20C9      	CALL       _NRM3232
;__Lib_MathDouble.c,1894 :: 		
L_end_word2double:
0x0240	0x0008      	RETURN
; end of _word2double
_Div_32x32_FP:
;__Lib_MathDouble.c,761 :: 		
;__Lib_MathDouble.c,773 :: 		
;__Lib_MathDouble.c,776 :: 		
0x0241	0x1283      	BCF        STATUS, 5
0x0242	0x1303      	BCF        STATUS, 6
0x0243	0x0874      	MOVF       R4, 0
0x0244	0x3A00      	XORLW      0
0x0245	0x1D03      	BTFSS      STATUS, 2
0x0246	0x2A5C      	GOTO       L_Div_32x32_FP7
;__Lib_MathDouble.c,777 :: 		
0x0247	0x0875      	MOVF       R5, 0
0x0248	0x3A00      	XORLW      0
0x0249	0x1D03      	BTFSS      STATUS, 2
0x024A	0x2A5C      	GOTO       L_Div_32x32_FP8
;__Lib_MathDouble.c,778 :: 		
0x024B	0x0876      	MOVF       R6, 0
0x024C	0x3A00      	XORLW      0
0x024D	0x1D03      	BTFSS      STATUS, 2
0x024E	0x2A5C      	GOTO       L_Div_32x32_FP9
;__Lib_MathDouble.c,779 :: 		
0x024F	0x0877      	MOVF       R7, 0
0x0250	0x3A00      	XORLW      0
0x0251	0x1D03      	BTFSS      STATUS, 2
0x0252	0x2A5C      	GOTO       L_Div_32x32_FP10
;__Lib_MathDouble.c,780 :: 		
0x0253	0x30FF      	MOVLW      255
0x0254	0x00F0      	MOVWF      R0
;__Lib_MathDouble.c,781 :: 		
0x0255	0x30FF      	MOVLW      255
0x0256	0x00F1      	MOVWF      R1
;__Lib_MathDouble.c,782 :: 		
0x0257	0x307F      	MOVLW      127
0x0258	0x00F2      	MOVWF      R2
;__Lib_MathDouble.c,783 :: 		
0x0259	0x30FF      	MOVLW      255
0x025A	0x00F3      	MOVWF      R3
;__Lib_MathDouble.c,784 :: 		
0x025B	0x2AF7      	GOTO       L_end_Div_32x32_FP
;__Lib_MathDouble.c,785 :: 		
L_Div_32x32_FP10:
L_Div_32x32_FP9:
L_Div_32x32_FP8:
L_Div_32x32_FP7:
;__Lib_MathDouble.c,788 :: 		
0x025C	0x1283      	BCF        STATUS, 5
;__Lib_MathDouble.c,789 :: 		
0x025D	0x1303      	BCF        STATUS, 6
;__Lib_MathDouble.c,791 :: 		
0x025E	0x0877      	MOVF       R7, 0
;__Lib_MathDouble.c,792 :: 		
0x025F	0x1903      	BTFSC      STATUS, 2
;__Lib_MathDouble.c,793 :: 		
0x0260	0x2AEB      	GOTO       JPDSETFDZ32
;__Lib_MathDouble.c,795 :: 		
0x0261	0x0873      	MOVF       R3, 0
;__Lib_MathDouble.c,796 :: 		
0x0262	0x1903      	BTFSC      STATUS, 2
;__Lib_MathDouble.c,797 :: 		
0x0263	0x2AEE      	GOTO       JPDRES032
;__Lib_MathDouble.c,799 :: 		
0x0264	0x0872      	MOVF       R2, 0
;__Lib_MathDouble.c,800 :: 		
0x0265	0x0676      	XORWF      R6, 0
;__Lib_MathDouble.c,801 :: 		
0x0266	0x3980      	ANDLW      128
;__Lib_MathDouble.c,802 :: 		
0x0267	0x00FA      	MOVWF      R10
;__Lib_MathDouble.c,803 :: 		
0x0268	0x17F2      	BSF        R2, 7
;__Lib_MathDouble.c,804 :: 		
0x0269	0x17F6      	BSF        R6, 7
;__Lib_MathDouble.c,806 :: 		
0x026A	0x01A0      	CLRF       __math_tempbD
;__Lib_MathDouble.c,807 :: 		
0x026B	0x0872      	MOVF       R2, 0
;__Lib_MathDouble.c,808 :: 		
0x026C	0x00F8      	MOVWF      R8
;__Lib_MathDouble.c,809 :: 		
0x026D	0x0871      	MOVF       R1, 0
;__Lib_MathDouble.c,810 :: 		
0x026E	0x00FC      	MOVWF      R12
;__Lib_MathDouble.c,811 :: 		
0x026F	0x0870      	MOVF       R0, 0
;__Lib_MathDouble.c,812 :: 		
0x0270	0x00FD      	MOVWF      R13
;__Lib_MathDouble.c,814 :: 		
0x0271	0x0874      	MOVF       R4, 0
;__Lib_MathDouble.c,815 :: 		
0x0272	0x02FD      	SUBWF      R13, 1
;__Lib_MathDouble.c,816 :: 		
0x0273	0x0875      	MOVF       R5, 0
;__Lib_MathDouble.c,817 :: 		
0x0274	0x1C03      	BTFSS      STATUS, 0
;__Lib_MathDouble.c,818 :: 		
0x0275	0x0F75      	INCFSZ     R5, 0
;__Lib_MathDouble.c,820 :: 		
0x0276	0x02FC      	SUBWF      R12, 1
;__Lib_MathDouble.c,821 :: 		
0x0277	0x0876      	MOVF       R6, 0
;__Lib_MathDouble.c,822 :: 		
0x0278	0x1C03      	BTFSS      STATUS, 0
;__Lib_MathDouble.c,823 :: 		
0x0279	0x0F76      	INCFSZ     R6, 0
;__Lib_MathDouble.c,825 :: 		
0x027A	0x02F8      	SUBWF      R8, 1
;__Lib_MathDouble.c,826 :: 		
0x027B	0x01F8      	CLRF       R8
;__Lib_MathDouble.c,827 :: 		
0x027C	0x01FC      	CLRF       R12
;__Lib_MathDouble.c,828 :: 		
0x027D	0x01FD      	CLRF       R13
;__Lib_MathDouble.c,829 :: 		
0x027E	0x1C03      	BTFSS      STATUS, 0
;__Lib_MathDouble.c,830 :: 		
0x027F	0x2A87      	GOTO       DALIGN32OK
;__Lib_MathDouble.c,832 :: 		
0x0280	0x1003      	BCF        STATUS, 0
;__Lib_MathDouble.c,833 :: 		
0x0281	0x0CF2      	RRF        R2, 1
;__Lib_MathDouble.c,834 :: 		
0x0282	0x0CF1      	RRF        R1, 1
;__Lib_MathDouble.c,835 :: 		
0x0283	0x0CF0      	RRF        R0, 1
;__Lib_MathDouble.c,836 :: 		
0x0284	0x0CF8      	RRF        R8, 1
;__Lib_MathDouble.c,837 :: 		
0x0285	0x3001      	MOVLW      1
;__Lib_MathDouble.c,838 :: 		
0x0286	0x00A0      	MOVWF      __math_tempbD
;__Lib_MathDouble.c,839 :: 		
DALIGN32OK:
;__Lib_MathDouble.c,840 :: 		
0x0287	0x0877      	MOVF       R7, 0
;__Lib_MathDouble.c,841 :: 		
0x0288	0x02F3      	SUBWF      R3, 1
;__Lib_MathDouble.c,842 :: 		
0x0289	0x1C03      	BTFSS      STATUS, 0
;__Lib_MathDouble.c,843 :: 		
0x028A	0x2A91      	GOTO       ALTB32
;__Lib_MathDouble.c,845 :: 		
0x028B	0x307E      	MOVLW      126
;__Lib_MathDouble.c,846 :: 		
0x028C	0x0720      	ADDWF      __math_tempbD, 0
;__Lib_MathDouble.c,847 :: 		
0x028D	0x07F3      	ADDWF      R3, 1
;__Lib_MathDouble.c,848 :: 		
0x028E	0x1803      	BTFSC      STATUS, 0
;__Lib_MathDouble.c,849 :: 		
0x028F	0x2AF1      	GOTO       JPDSETFOV32
;__Lib_MathDouble.c,850 :: 		
0x0290	0x2A96      	GOTO       DARGOK32
;__Lib_MathDouble.c,851 :: 		
ALTB32:
;__Lib_MathDouble.c,852 :: 		
0x0291	0x307E      	MOVLW      126
;__Lib_MathDouble.c,853 :: 		
0x0292	0x0720      	ADDWF      __math_tempbD, 0
;__Lib_MathDouble.c,854 :: 		
0x0293	0x07F3      	ADDWF      R3, 1
;__Lib_MathDouble.c,855 :: 		
0x0294	0x1C03      	BTFSS      STATUS, 0
;__Lib_MathDouble.c,856 :: 		
0x0295	0x2AF4      	GOTO       JPDSETFUN32
;__Lib_MathDouble.c,857 :: 		
DARGOK32:
;__Lib_MathDouble.c,858 :: 		
0x0296	0x3018      	MOVLW      24
;__Lib_MathDouble.c,860 :: 		
0x0297	0x07FA      	ADDWF      R10, 1
;__Lib_MathDouble.c,861 :: 		
DLOOP32:
;__Lib_MathDouble.c,862 :: 		
0x0298	0x0DFD      	RLF        R13, 1
;__Lib_MathDouble.c,863 :: 		
0x0299	0x0DFC      	RLF        R12, 1
;__Lib_MathDouble.c,864 :: 		
0x029A	0x0DF8      	RLF        R8, 1
;__Lib_MathDouble.c,865 :: 		
0x029B	0x0DF0      	RLF        R0, 1
;__Lib_MathDouble.c,866 :: 		
0x029C	0x0DF1      	RLF        R1, 1
;__Lib_MathDouble.c,867 :: 		
0x029D	0x0DF2      	RLF        R2, 1
;__Lib_MathDouble.c,868 :: 		
0x029E	0x0DA0      	RLF        __math_tempbD, 1
;__Lib_MathDouble.c,870 :: 		
0x029F	0x0874      	MOVF       R4, 0
;__Lib_MathDouble.c,871 :: 		
0x02A0	0x02F0      	SUBWF      R0, 1
;__Lib_MathDouble.c,872 :: 		
0x02A1	0x0875      	MOVF       R5, 0
;__Lib_MathDouble.c,873 :: 		
0x02A2	0x1C03      	BTFSS      STATUS, 0
;__Lib_MathDouble.c,874 :: 		
0x02A3	0x0F75      	INCFSZ     R5, 0
;__Lib_MathDouble.c,876 :: 		
0x02A4	0x02F1      	SUBWF      R1, 1
;__Lib_MathDouble.c,877 :: 		
0x02A5	0x0876      	MOVF       R6, 0
;__Lib_MathDouble.c,878 :: 		
0x02A6	0x1C03      	BTFSS      STATUS, 0
;__Lib_MathDouble.c,879 :: 		
0x02A7	0x0F76      	INCFSZ     R6, 0
;__Lib_MathDouble.c,881 :: 		
0x02A8	0x02F2      	SUBWF      R2, 1
;__Lib_MathDouble.c,882 :: 		
0x02A9	0x0D76      	RLF        R6, 0
;__Lib_MathDouble.c,883 :: 		
0x02AA	0x04A0      	IORWF      __math_tempbD, 1
;__Lib_MathDouble.c,884 :: 		
0x02AB	0x1C20      	BTFSS      __math_tempbD, 0
;__Lib_MathDouble.c,885 :: 		
0x02AC	0x2AAF      	GOTO       DREST32
;__Lib_MathDouble.c,886 :: 		
0x02AD	0x147D      	BSF        R13, 0
;__Lib_MathDouble.c,887 :: 		
0x02AE	0x2ABA      	GOTO       DOK32
;__Lib_MathDouble.c,888 :: 		
DREST32:
;__Lib_MathDouble.c,889 :: 		
0x02AF	0x0874      	MOVF       R4, 0
;__Lib_MathDouble.c,890 :: 		
0x02B0	0x07F0      	ADDWF      R0, 1
;__Lib_MathDouble.c,891 :: 		
0x02B1	0x0875      	MOVF       R5, 0
;__Lib_MathDouble.c,892 :: 		
0x02B2	0x1803      	BTFSC      STATUS, 0
;__Lib_MathDouble.c,893 :: 		
0x02B3	0x0F75      	INCFSZ     R5, 0
;__Lib_MathDouble.c,895 :: 		
0x02B4	0x07F1      	ADDWF      R1, 1
;__Lib_MathDouble.c,896 :: 		
0x02B5	0x0876      	MOVF       R6, 0
;__Lib_MathDouble.c,897 :: 		
0x02B6	0x1803      	BTFSC      STATUS, 0
;__Lib_MathDouble.c,898 :: 		
0x02B7	0x0A76      	INCF       R6, 0
;__Lib_MathDouble.c,899 :: 		
0x02B8	0x07F2      	ADDWF      R2, 1
;__Lib_MathDouble.c,900 :: 		
0x02B9	0x107D      	BCF        R13, 0
;__Lib_MathDouble.c,901 :: 		
DOK32:
;__Lib_MathDouble.c,903 :: 		
0x02BA	0x03FA      	DECF       R10, 1
;__Lib_MathDouble.c,904 :: 		
0x02BB	0x301F      	MOVLW      31
;__Lib_MathDouble.c,905 :: 		
0x02BC	0x057A      	ANDWF      R10, 0
;__Lib_MathDouble.c,906 :: 		
0x02BD	0x1D03      	BTFSS      STATUS, 2
;__Lib_MathDouble.c,907 :: 		
0x02BE	0x2A98      	GOTO       DLOOP32
;__Lib_MathDouble.c,909 :: 		
0x02BF	0x1B7B      	BTFSC      R11, 6
;__Lib_MathDouble.c,910 :: 		
0x02C0	0x1C7D      	BTFSS      R13, 0
;__Lib_MathDouble.c,911 :: 		
0x02C1	0x2AE1      	GOTO       DIV32OK
;__Lib_MathDouble.c,912 :: 		
0x02C2	0x1003      	BCF        STATUS, 0
;__Lib_MathDouble.c,913 :: 		
0x02C3	0x0DF0      	RLF        R0, 1
;__Lib_MathDouble.c,914 :: 		
0x02C4	0x0DF1      	RLF        R1, 1
;__Lib_MathDouble.c,915 :: 		
0x02C5	0x0DF2      	RLF        R2, 1
;__Lib_MathDouble.c,916 :: 		
0x02C6	0x0DA0      	RLF        __math_tempbD, 1
;__Lib_MathDouble.c,918 :: 		
0x02C7	0x0874      	MOVF       R4, 0
;__Lib_MathDouble.c,919 :: 		
0x02C8	0x02F0      	SUBWF      R0, 1
;__Lib_MathDouble.c,920 :: 		
0x02C9	0x0875      	MOVF       R5, 0
;__Lib_MathDouble.c,921 :: 		
0x02CA	0x1C03      	BTFSS      STATUS, 0
;__Lib_MathDouble.c,922 :: 		
0x02CB	0x0F75      	INCFSZ     R5, 0
;__Lib_MathDouble.c,923 :: 		
0x02CC	0x02F1      	SUBWF      R1, 1
;__Lib_MathDouble.c,924 :: 		
0x02CD	0x0876      	MOVF       R6, 0
;__Lib_MathDouble.c,925 :: 		
0x02CE	0x1C03      	BTFSS      STATUS, 0
;__Lib_MathDouble.c,926 :: 		
0x02CF	0x0F76      	INCFSZ     R6, 0
;__Lib_MathDouble.c,927 :: 		
0x02D0	0x02F2      	SUBWF      R2, 1
;__Lib_MathDouble.c,928 :: 		
0x02D1	0x0D76      	RLF        R6, 0
;__Lib_MathDouble.c,929 :: 		
0x02D2	0x0420      	IORWF      __math_tempbD, 0
;__Lib_MathDouble.c,930 :: 		
0x02D3	0x3901      	ANDLW      1
;__Lib_MathDouble.c,931 :: 		
0x02D4	0x07FD      	ADDWF      R13, 1
;__Lib_MathDouble.c,932 :: 		
0x02D5	0x1803      	BTFSC      STATUS, 0
;__Lib_MathDouble.c,933 :: 		
0x02D6	0x0AFC      	INCF       R12, 1
;__Lib_MathDouble.c,934 :: 		
0x02D7	0x1903      	BTFSC      STATUS, 2
;__Lib_MathDouble.c,935 :: 		
0x02D8	0x0AF8      	INCF       R8, 1
;__Lib_MathDouble.c,936 :: 		
0x02D9	0x1D03      	BTFSS      STATUS, 2
;__Lib_MathDouble.c,937 :: 		
0x02DA	0x2AE1      	GOTO       DIV32OK
;__Lib_MathDouble.c,938 :: 		
0x02DB	0x0CF8      	RRF        R8, 1
;__Lib_MathDouble.c,939 :: 		
0x02DC	0x0CFC      	RRF        R12, 1
;__Lib_MathDouble.c,940 :: 		
0x02DD	0x0CFD      	RRF        R13, 1
;__Lib_MathDouble.c,941 :: 		
0x02DE	0x0AF3      	INCF       R3, 1
;__Lib_MathDouble.c,942 :: 		
0x02DF	0x1903      	BTFSC      STATUS, 2
;__Lib_MathDouble.c,943 :: 		
0x02E0	0x2AF1      	GOTO       JPDSETFOV32
;__Lib_MathDouble.c,944 :: 		
DIV32OK:
;__Lib_MathDouble.c,945 :: 		
0x02E1	0x1FFA      	BTFSS      R10, 7
;__Lib_MathDouble.c,946 :: 		
0x02E2	0x13F8      	BCF        R8, 7
;__Lib_MathDouble.c,947 :: 		
0x02E3	0x0878      	MOVF       R8, 0
;__Lib_MathDouble.c,948 :: 		
0x02E4	0x00F2      	MOVWF      R2
;__Lib_MathDouble.c,949 :: 		
0x02E5	0x087C      	MOVF       R12, 0
;__Lib_MathDouble.c,950 :: 		
0x02E6	0x00F1      	MOVWF      R1
;__Lib_MathDouble.c,951 :: 		
0x02E7	0x087D      	MOVF       R13, 0
;__Lib_MathDouble.c,952 :: 		
0x02E8	0x00F0      	MOVWF      R0
;__Lib_MathDouble.c,954 :: 		
0x02E9	0x3000      	MOVLW      0
;__Lib_MathDouble.c,956 :: 		
0x02EA	0x2AF6      	GOTO       DIV32EEE
;__Lib_MathDouble.c,957 :: 		
JPDSETFDZ32:
;__Lib_MathDouble.c,958 :: 		
0x02EB	0x3001      	MOVLW      1
;__Lib_MathDouble.c,961 :: 		
0x02EC	0x20C6      	CALL       _SETFDZ32
;__Lib_MathDouble.c,963 :: 		
0x02ED	0x2AF6      	GOTO       DIV32EEE
;__Lib_MathDouble.c,964 :: 		
JPDRES032:
;__Lib_MathDouble.c,965 :: 		
0x02EE	0x3002      	MOVLW      2
;__Lib_MathDouble.c,968 :: 		
0x02EF	0x20AF      	CALL       _RES032
;__Lib_MathDouble.c,970 :: 		
0x02F0	0x2AF6      	GOTO       DIV32EEE
;__Lib_MathDouble.c,971 :: 		
JPDSETFOV32:
;__Lib_MathDouble.c,972 :: 		
0x02F1	0x3004      	MOVLW      4
;__Lib_MathDouble.c,975 :: 		
0x02F2	0x20F8      	CALL       _SETFOV32
;__Lib_MathDouble.c,977 :: 		
0x02F3	0x2AF6      	GOTO       DIV32EEE
;__Lib_MathDouble.c,978 :: 		
JPDSETFUN32:
;__Lib_MathDouble.c,979 :: 		
0x02F4	0x3008      	MOVLW      8
;__Lib_MathDouble.c,982 :: 		
0x02F5	0x20B6      	CALL       _SETFUN32
;__Lib_MathDouble.c,984 :: 		
DIV32EEE:
;__Lib_MathDouble.c,985 :: 		
0x02F6	0x0000      	NOP
;__Lib_MathDouble.c,994 :: 		
L_end_Div_32x32_FP:
0x02F7	0x0008      	RETURN
; end of _Div_32x32_FP
_ATD_read:
;FinalCode.c,122 :: 		unsigned int ATD_read(void){
;FinalCode.c,123 :: 		ADCON0 = ADCON0 | 0x04; // GO
0x02F8	0x1283      	BCF        STATUS, 5
0x02F9	0x1303      	BCF        STATUS, 6
0x02FA	0x151F      	BSF        ADCON0, 2
;FinalCode.c,124 :: 		while(ADCON0 & 0x04);
L_ATD_read14:
0x02FB	0x1D1F      	BTFSS      ADCON0, 2
0x02FC	0x2AFE      	GOTO       L_ATD_read15
0x02FD	0x2AFB      	GOTO       L_ATD_read14
L_ATD_read15:
;FinalCode.c,125 :: 		return(ADRESH<<8) | ADRESL;
0x02FE	0x081E      	MOVF       ADRESH, 0
0x02FF	0x00F1      	MOVWF      R0+1
0x0300	0x01F0      	CLRF       R0
0x0301	0x1683      	BSF        STATUS, 5
0x0302	0x081E      	MOVF       ADRESL, 0
0x0303	0x04F0      	IORWF      R0, 1
0x0304	0x3000      	MOVLW      0
0x0305	0x04F1      	IORWF      R0+1, 1
;FinalCode.c,126 :: 		}
L_end_ATD_read:
0x0306	0x0008      	RETURN
; end of _ATD_read
_Delay:
;FinalCode.c,127 :: 		void Delay(unsigned int x){
;FinalCode.c,128 :: 		Mcntr=0;
0x0307	0x1283      	BCF        STATUS, 5
0x0308	0x1303      	BCF        STATUS, 6
0x0309	0x01A6      	CLRF       _Mcntr
0x030A	0x01A7      	CLRF       _Mcntr+1
;FinalCode.c,129 :: 		while(Mcntr<x);
L_Delay16:
0x030B	0x083A      	MOVF       FARG_Delay_x+1, 0
0x030C	0x0227      	SUBWF      _Mcntr+1, 0
0x030D	0x1D03      	BTFSS      STATUS, 2
0x030E	0x2B11      	GOTO       L__Delay31
0x030F	0x0839      	MOVF       FARG_Delay_x, 0
0x0310	0x0226      	SUBWF      _Mcntr, 0
L__Delay31:
0x0311	0x1803      	BTFSC      STATUS, 0
0x0312	0x2B14      	GOTO       L_Delay17
0x0313	0x2B0B      	GOTO       L_Delay16
L_Delay17:
;FinalCode.c,130 :: 		}
L_end_Delay:
0x0314	0x0008      	RETURN
; end of _Delay
_main:
;FinalCode.c,136 :: 		void main() {
;FinalCode.c,139 :: 		xs=0;
0x0315	0x1283      	BCF        STATUS, 5
0x0316	0x1303      	BCF        STATUS, 6
0x0317	0x01A8      	CLRF       _xs
0x0318	0x01A9      	CLRF       _xs+1
;FinalCode.c,140 :: 		xs1=0;
0x0319	0x01AA      	CLRF       _xs1
0x031A	0x01AB      	CLRF       _xs1+1
;FinalCode.c,141 :: 		TMR0=248;
0x031B	0x30F8      	MOVLW      248
0x031C	0x0081      	MOVWF      TMR0
;FinalCode.c,142 :: 		OPTION_REG = 0x87;//Fosc/4 with 256 prescaler => incremetn every 0.5us*256=128us ==> overflow 8count*128us=1ms to overflow
0x031D	0x3087      	MOVLW      135
0x031E	0x1683      	BSF        STATUS, 5
0x031F	0x0081      	MOVWF      OPTION_REG
;FinalCode.c,143 :: 		TRISB = 0xFF; //first 4 bits in port B inputs
0x0320	0x30FF      	MOVLW      255
0x0321	0x0086      	MOVWF      TRISB
;FinalCode.c,144 :: 		PORTB = 0xF0; //All bits initialy 0 - however input pins will not be effected                    //bit-0 -> switch button, bit-1 -> flame sensor, bit-2 ->tempreture sensor, bit-3 ->smoke detector
0x0322	0x30F0      	MOVLW      240
0x0323	0x1283      	BCF        STATUS, 5
0x0324	0x0086      	MOVWF      PORTB
;FinalCode.c,145 :: 		TRISC = 0x00; // all port c are outputs , bit-0 -> srvomotor , bit-1 ->DC motor for the fan, bit-2 ->LED
0x0325	0x1683      	BSF        STATUS, 5
0x0326	0x0187      	CLRF       TRISC
;FinalCode.c,146 :: 		PORTC = 0x00; // All output initialy is 0
0x0327	0x1283      	BCF        STATUS, 5
0x0328	0x0187      	CLRF       PORTC
;FinalCode.c,147 :: 		HL=1; //start high
0x0329	0x3001      	MOVLW      1
0x032A	0x00AE      	MOVWF      _HL
;FinalCode.c,148 :: 		TMR1H=0;
0x032B	0x018F      	CLRF       TMR1H
;FinalCode.c,149 :: 		TMR1L=0;
0x032C	0x018E      	CLRF       TMR1L
;FinalCode.c,150 :: 		CCP1CON=0x08;
0x032D	0x3008      	MOVLW      8
0x032E	0x0097      	MOVWF      CCP1CON
;FinalCode.c,151 :: 		T1CON=0x01;//TMR1 On Fosc/4 (inc 0.5uS) with 0 prescaler (TMR1 overflow after 0xFFFF counts ==65535)==> 32.767ms
0x032F	0x3001      	MOVLW      1
0x0330	0x0090      	MOVWF      T1CON
;FinalCode.c,152 :: 		INTCON=0xF8;//enable TMR0 overflow, TMR1 overflow, External interrupts and peripheral interrupts;
0x0331	0x30F8      	MOVLW      248
0x0332	0x008B      	MOVWF      INTCON
;FinalCode.c,153 :: 		PIE1=PIE1|0x04;// Enable CCP1 interrupts
0x0333	0x1683      	BSF        STATUS, 5
0x0334	0x150C      	BSF        PIE1, 2
;FinalCode.c,154 :: 		CCPR1H=2000>>8;
0x0335	0x3007      	MOVLW      7
0x0336	0x1283      	BCF        STATUS, 5
0x0337	0x0096      	MOVWF      CCPR1H
;FinalCode.c,155 :: 		CCPR1L=2000;
0x0338	0x30D0      	MOVLW      208
0x0339	0x0095      	MOVWF      CCPR1L
;FinalCode.c,156 :: 		angle=900; //600us initially == 1200*0.5=60
0x033A	0x3084      	MOVLW      132
0x033B	0x00B1      	MOVWF      _angle
0x033C	0x3003      	MOVLW      3
0x033D	0x00B2      	MOVWF      _angle+1
;FinalCode.c,157 :: 		ATD_init();
0x033E	0x2172      	CALL       _ATD_init
;FinalCode.c,161 :: 		while (1){
L_main18:
;FinalCode.c,165 :: 		myreading = ATD_read();
0x033F	0x22F8      	CALL       _ATD_read
0x0340	0x0870      	MOVF       R0, 0
0x0341	0x1283      	BCF        STATUS, 5
0x0342	0x00B3      	MOVWF      _myreading
0x0343	0x0871      	MOVF       R0+1, 0
0x0344	0x00B4      	MOVWF      _myreading+1
;FinalCode.c,166 :: 		Delay(100);
0x0345	0x3064      	MOVLW      100
0x0346	0x00B9      	MOVWF      FARG_Delay_x
0x0347	0x3000      	MOVLW      0
0x0348	0x00BA      	MOVWF      FARG_Delay_x+1
0x0349	0x2307      	CALL       _Delay
;FinalCode.c,167 :: 		temp = (myreading*4.88)/10;
0x034A	0x0833      	MOVF       _myreading, 0
0x034B	0x00F0      	MOVWF      R0
0x034C	0x0834      	MOVF       _myreading+1, 0
0x034D	0x00F1      	MOVWF      R0+1
0x034E	0x222B      	CALL       _word2double
0x034F	0x30F6      	MOVLW      246
0x0350	0x00F4      	MOVWF      R4
0x0351	0x3028      	MOVLW      40
0x0352	0x00F5      	MOVWF      R4+1
0x0353	0x301C      	MOVLW      28
0x0354	0x00F6      	MOVWF      R4+2
0x0355	0x3081      	MOVLW      129
0x0356	0x00F7      	MOVWF      R4+3
0x0357	0x2111      	CALL       _Mul_32x32_FP
0x0358	0x3000      	MOVLW      0
0x0359	0x00F4      	MOVWF      R4
0x035A	0x3000      	MOVLW      0
0x035B	0x00F5      	MOVWF      R4+1
0x035C	0x3020      	MOVLW      32
0x035D	0x00F6      	MOVWF      R4+2
0x035E	0x3082      	MOVLW      130
0x035F	0x00F7      	MOVWF      R4+3
0x0360	0x2241      	CALL       _Div_32x32_FP
0x0361	0x21CC      	CALL       _double2word
0x0362	0x0870      	MOVF       R0, 0
0x0363	0x00B5      	MOVWF      _temp
0x0364	0x0871      	MOVF       R0+1, 0
0x0365	0x00B6      	MOVWF      _temp+1
;FinalCode.c,168 :: 		Delay(100);
0x0366	0x3064      	MOVLW      100
0x0367	0x00B9      	MOVWF      FARG_Delay_x
0x0368	0x3000      	MOVLW      0
0x0369	0x00BA      	MOVWF      FARG_Delay_x+1
0x036A	0x2307      	CALL       _Delay
;FinalCode.c,171 :: 		if(temp >20.0)
0x036B	0x0835      	MOVF       _temp, 0
0x036C	0x00F0      	MOVWF      R0
0x036D	0x0836      	MOVF       _temp+1, 0
0x036E	0x00F1      	MOVWF      R0+1
0x036F	0x222B      	CALL       _word2double
0x0370	0x0870      	MOVF       R0, 0
0x0371	0x00F4      	MOVWF      R4
0x0372	0x0871      	MOVF       R0+1, 0
0x0373	0x00F5      	MOVWF      R4+1
0x0374	0x0872      	MOVF       R0+2, 0
0x0375	0x00F6      	MOVWF      R4+2
0x0376	0x0873      	MOVF       R0+3, 0
0x0377	0x00F7      	MOVWF      R4+3
0x0378	0x3000      	MOVLW      0
0x0379	0x00F0      	MOVWF      R0
0x037A	0x3000      	MOVLW      0
0x037B	0x00F1      	MOVWF      R0+1
0x037C	0x3020      	MOVLW      32
0x037D	0x00F2      	MOVWF      R0+2
0x037E	0x3083      	MOVLW      131
0x037F	0x00F3      	MOVWF      R0+3
0x0380	0x217C      	CALL       _Compare_Double
0x0381	0x3001      	MOVLW      1
0x0382	0x1803      	BTFSC      STATUS, 0
0x0383	0x3000      	MOVLW      0
0x0384	0x00F0      	MOVWF      R0
0x0385	0x0870      	MOVF       R0, 0
0x0386	0x1903      	BTFSC      STATUS, 2
0x0387	0x2BC4      	GOTO       L_main20
;FinalCode.c,173 :: 		Delay(10);
0x0388	0x300A      	MOVLW      10
0x0389	0x00B9      	MOVWF      FARG_Delay_x
0x038A	0x3000      	MOVLW      0
0x038B	0x00BA      	MOVWF      FARG_Delay_x+1
0x038C	0x2307      	CALL       _Delay
;FinalCode.c,174 :: 		PORTC =0x01;
0x038D	0x3001      	MOVLW      1
0x038E	0x0087      	MOVWF      PORTC
;FinalCode.c,175 :: 		myreading = ATD_read();
0x038F	0x22F8      	CALL       _ATD_read
0x0390	0x0870      	MOVF       R0, 0
0x0391	0x1283      	BCF        STATUS, 5
0x0392	0x00B3      	MOVWF      _myreading
0x0393	0x0871      	MOVF       R0+1, 0
0x0394	0x00B4      	MOVWF      _myreading+1
;FinalCode.c,176 :: 		delay_ms(100);
0x0395	0x3002      	MOVLW      2
0x0396	0x00FB      	MOVWF      R11
0x0397	0x3004      	MOVLW      4
0x0398	0x00FC      	MOVWF      R12
0x0399	0x30BA      	MOVLW      186
0x039A	0x00FD      	MOVWF      R13
L_main21:
0x039B	0x0BFD      	DECFSZ     R13, 1
0x039C	0x2B9B      	GOTO       L_main21
0x039D	0x0BFC      	DECFSZ     R12, 1
0x039E	0x2B9B      	GOTO       L_main21
0x039F	0x0BFB      	DECFSZ     R11, 1
0x03A0	0x2B9B      	GOTO       L_main21
0x03A1	0x0000      	NOP
;FinalCode.c,177 :: 		temp = (myreading*4.88)/10;
0x03A2	0x0833      	MOVF       _myreading, 0
0x03A3	0x00F0      	MOVWF      R0
0x03A4	0x0834      	MOVF       _myreading+1, 0
0x03A5	0x00F1      	MOVWF      R0+1
0x03A6	0x222B      	CALL       _word2double
0x03A7	0x30F6      	MOVLW      246
0x03A8	0x00F4      	MOVWF      R4
0x03A9	0x3028      	MOVLW      40
0x03AA	0x00F5      	MOVWF      R4+1
0x03AB	0x301C      	MOVLW      28
0x03AC	0x00F6      	MOVWF      R4+2
0x03AD	0x3081      	MOVLW      129
0x03AE	0x00F7      	MOVWF      R4+3
0x03AF	0x2111      	CALL       _Mul_32x32_FP
0x03B0	0x3000      	MOVLW      0
0x03B1	0x00F4      	MOVWF      R4
0x03B2	0x3000      	MOVLW      0
0x03B3	0x00F5      	MOVWF      R4+1
0x03B4	0x3020      	MOVLW      32
0x03B5	0x00F6      	MOVWF      R4+2
0x03B6	0x3082      	MOVLW      130
0x03B7	0x00F7      	MOVWF      R4+3
0x03B8	0x2241      	CALL       _Div_32x32_FP
0x03B9	0x21CC      	CALL       _double2word
0x03BA	0x0870      	MOVF       R0, 0
0x03BB	0x00B5      	MOVWF      _temp
0x03BC	0x0871      	MOVF       R0+1, 0
0x03BD	0x00B6      	MOVWF      _temp+1
;FinalCode.c,179 :: 		Delay(100);
0x03BE	0x3064      	MOVLW      100
0x03BF	0x00B9      	MOVWF      FARG_Delay_x
0x03C0	0x3000      	MOVLW      0
0x03C1	0x00BA      	MOVWF      FARG_Delay_x+1
0x03C2	0x2307      	CALL       _Delay
;FinalCode.c,180 :: 		}
0x03C3	0x2BC5      	GOTO       L_main22
L_main20:
;FinalCode.c,183 :: 		PORTC =0x00;
0x03C4	0x0187      	CLRF       PORTC
;FinalCode.c,184 :: 		}
L_main22:
;FinalCode.c,191 :: 		}
0x03C5	0x2B3F      	GOTO       L_main18
;FinalCode.c,192 :: 		}
L_end_main:
0x03C6	0x2BC6      	GOTO       $+0
; end of _main
Symbol List:
//** Routines locations **
//ADDRESS    SIZE    PROCEDURE
//----------------------------------------------
0x0004     [171]    _interrupt
0x00AF       [7]    _RES032
0x00B6      [12]    _SETFUN32
0x00C2       [4]    _FIXSIGN32
0x00C6       [3]    _SETFDZ32
0x00C9      [47]    _NRM3232
0x00F8      [12]    _SETFOV32
0x0104      [13]    _SETIOV3224
0x0111      [97]    _Mul_32x32_FP
0x0172      [10]    _ATD_init
0x017C      [80]    _Compare_Double
0x01CC      [95]    _double2word
0x022B      [22]    _word2double
0x0241     [183]    _Div_32x32_FP
0x02F8      [15]    _ATD_read
0x0307      [14]    _Delay
0x0315     [178]    _main
//** Variables locations ** 
//ADDRESS    SIZE    VARIABLE
//----------------------------------------------
0x0000       [1]    INDF
0x0001       [1]    TMR0
0x0003       [1]    STATUS
0x0004       [1]    FSR
0x0006       [1]    PORTB
0x0007       [1]    PORTC
0x000A       [1]    PCLATH
0x000B       [1]    INTCON
0x000C       [1]    PIR1
0x000E       [1]    TMR1L
0x000F       [1]    TMR1H
0x0010       [1]    T1CON
0x0015       [1]    CCPR1L
0x0016       [1]    CCPR1H
0x0017       [1]    CCP1CON
0x001E       [1]    ADRESH
0x001F       [1]    ADCON0
0x0020       [1]    __math_tempbD
0x0026       [2]    _Mcntr
0x0028       [2]    _xs
0x002A       [2]    _xs1
0x002C       [2]    ___DoICPAddr
0x002E       [1]    _HL
0x002F       [2]    _Dcntr
0x0031       [2]    _angle
0x0033       [2]    _myreading
0x0035       [2]    _temp
0x0037       [1]    ___savePCLATH
0x0038       [1]    ___saveSTATUS
0x0039       [2]    FARG_Delay_x
0x0070       [1]    R0
0x0071       [1]    R1
0x0072       [1]    R2
0x0073       [1]    R3
0x0074       [1]    R4
0x0075       [1]    R5
0x0076       [1]    R6
0x0077       [1]    R7
0x0078       [1]    R8
0x0079       [1]    R9
0x007A       [1]    R10
0x007B       [1]    R11
0x007C       [1]    R12
0x007D       [1]    R13
0x007E       [1]    R14
0x007F       [1]    R15
0x0081       [1]    OPTION_REG
0x0085       [1]    TRISA
0x0086       [1]    TRISB
0x0087       [1]    TRISC
0x008C       [1]    PIE1
0x009E       [1]    ADRESL
0x009F       [1]    ADCON1
